--------------- Clean Started: 11/02/2022 17:32:37 Project: lab-2, Configuration: ARM GCC 5.4-2016-q2-update Debug ---------------
Deleting file ".\CortexM0\ARM_GCC_541\Debug\main.o"
Deleting file ".\CortexM0\ARM_GCC_541\Debug\cyfitter_cfg.o"
Deleting file ".\CortexM0\ARM_GCC_541\Debug\cymetadata.o"
Deleting file ".\CortexM0\ARM_GCC_541\Debug\Timer_Counter.o"
Deleting file ".\CortexM0\ARM_GCC_541\Debug\Timer_Counter_PM.o"
Deleting file ".\CortexM0\ARM_GCC_541\Debug\Clock.o"
Deleting file ".\CortexM0\ARM_GCC_541\Debug\timer_isr.o"
Deleting file ".\CortexM0\ARM_GCC_541\Debug\Control_Reg.o"
Deleting file ".\CortexM0\ARM_GCC_541\Debug\Control_Reg_PM.o"
Deleting file ".\CortexM0\ARM_GCC_541\Debug\LED_1.o"
Deleting file ".\CortexM0\ARM_GCC_541\Debug\LED_1_PM.o"
Deleting file ".\CortexM0\ARM_GCC_541\Debug\LED_2.o"
Deleting file ".\CortexM0\ARM_GCC_541\Debug\LED_2_PM.o"
Deleting file ".\CortexM0\ARM_GCC_541\Debug\LED_3.o"
Deleting file ".\CortexM0\ARM_GCC_541\Debug\LED_3_PM.o"
Deleting file ".\CortexM0\ARM_GCC_541\Debug\Cm0Start.o"
Deleting file ".\CortexM0\ARM_GCC_541\Debug\CyFlash.o"
Deleting file ".\CortexM0\ARM_GCC_541\Debug\CyLib.o"
Deleting file ".\CortexM0\ARM_GCC_541\Debug\cyPm.o"
Deleting file ".\CortexM0\ARM_GCC_541\Debug\cyutils.o"
Deleting file ".\CortexM0\ARM_GCC_541\Debug\CyBootAsmGnu.o"
Deleting file ".\CortexM0\ARM_GCC_541\Debug\CyDMA.o"
Deleting file ".\CortexM0\ARM_GCC_541\Debug\CyLFClk.o"
Deleting file ".\CortexM0\ARM_GCC_541\Debug\cy_em_eeprom.o"
Deleting file ".\CortexM0\ARM_GCC_541\Debug\Button.o"
Deleting file ".\CortexM0\ARM_GCC_541\Debug\Button_PM.o"
Deleting file ".\CortexM0\ARM_GCC_541\Debug\button_isr.o"
Deleting file ".\CortexM0\ARM_GCC_541\Debug\lab-2.hex"
Deleting file ".\CortexM0\ARM_GCC_541\Debug\lab-2.elf"
Deleting file ".\CortexM0\ARM_GCC_541\Debug\lab-2.map"
Deleting file ".\lab-2.cycdx"
Deleting file ".\lab-2.svd"
Deleting file ".\lab-2.rpt"
Deleting file ".\lab-2_timing.html"
Deleting file ".\CortexM0\ARM_GCC_541\Debug\.deps\SOURCE_C__ARM_GCC_GENERIC.P"
Deleting file ".\CortexM0\ARM_GCC_541\Debug\.deps\SOURCE_ASM__ARM_GCC_GENERIC.P"
--------------- Clean Succeeded: 11/02/2022 17:32:37 ---------------
