ARM GAS  C:\Users\elizavet\AppData\Local\Temp\cclTciX7.s 			page 1


   1              		.syntax unified
   2              		.cpu cortex-m0
   3              		.fpu softvfp
   4              		.eabi_attribute 20, 1
   5              		.eabi_attribute 21, 1
   6              		.eabi_attribute 23, 3
   7              		.eabi_attribute 24, 1
   8              		.eabi_attribute 25, 1
   9              		.eabi_attribute 26, 1
  10              		.eabi_attribute 30, 1
  11              		.eabi_attribute 34, 0
  12              		.eabi_attribute 18, 4
  13              		.thumb
  14              		.syntax unified
  15              		.file	"main.c"
  16              		.text
  17              	.Ltext0:
  18              		.cfi_sections	.debug_frame
  19              		.section	.text.timer_isr_interrupt,"ax",%progbits
  20              		.align	2
  21              		.global	timer_isr_interrupt
  22              		.code	16
  23              		.thumb_func
  24              		.type	timer_isr_interrupt, %function
  25              	timer_isr_interrupt:
  26              	.LFB34:
  27              		.file 1 "main.c"
   1:main.c        **** /* ========================================
   2:main.c        ****  *
   3:main.c        ****  * Copyright YOUR COMPANY, THE YEAR
   4:main.c        ****  * All Rights Reserved
   5:main.c        ****  * UNPUBLISHED, LICENSED SOFTWARE.
   6:main.c        ****  *
   7:main.c        ****  * CONFIDENTIAL AND PROPRIETARY INFORMATION
   8:main.c        ****  * WHICH IS THE PROPERTY OF your company.
   9:main.c        ****  *
  10:main.c        ****  * ========================================
  11:main.c        **** */
  12:main.c        **** #include "project.h"
  13:main.c        **** #define INTERVAL 20
  14:main.c        **** 
  15:main.c        **** typedef enum Color {
  16:main.c        ****   _ = 0b000,
  17:main.c        ****   R = 0b001, 
  18:main.c        ****   Y = 0b010, 
  19:main.c        ****   G = 0b100
  20:main.c        **** } Color;
  21:main.c        **** 
  22:main.c        **** uint8 counter = 0;
  23:main.c        **** int state = 0;
  24:main.c        **** CYBIT algorithm = 0;
  25:main.c        **** 
  26:main.c        **** 
  27:main.c        **** inline void runAlgorithm1();
  28:main.c        **** inline void runAlgorithm2();
  29:main.c        **** 
  30:main.c        **** CY_ISR(timer_isr_interrupt)
ARM GAS  C:\Users\elizavet\AppData\Local\Temp\cclTciX7.s 			page 2


  31:main.c        **** {
  28              		.loc 1 31 0
  29              		.cfi_startproc
  30              		@ args = 0, pretend = 0, frame = 0
  31              		@ frame_needed = 0, uses_anonymous_args = 0
  32 0000 10B5     		push	{r4, lr}
  33              		.cfi_def_cfa_offset 8
  34              		.cfi_offset 4, -8
  35              		.cfi_offset 14, -4
  32:main.c        ****     if (counter >= INTERVAL) 
  36              		.loc 1 32 0
  37 0002 074B     		ldr	r3, .L3
  38 0004 1B78     		ldrb	r3, [r3]
  39 0006 132B     		cmp	r3, #19
  40 0008 02D9     		bls	.L2
  33:main.c        ****     {
  34:main.c        ****         counter = 0;
  41              		.loc 1 34 0
  42 000a 0022     		movs	r2, #0
  43 000c 044B     		ldr	r3, .L3
  44 000e 1A70     		strb	r2, [r3]
  45              	.L2:
  35:main.c        ****     } 
  36:main.c        ****     counter++;
  46              		.loc 1 36 0
  47 0010 034A     		ldr	r2, .L3
  48 0012 1378     		ldrb	r3, [r2]
  49 0014 0133     		adds	r3, r3, #1
  50 0016 1370     		strb	r3, [r2]
  37:main.c        ****     Timer_Counter_ClearInterrupt(Timer_Counter_INTR_MASK_TC);
  51              		.loc 1 37 0
  52 0018 0120     		movs	r0, #1
  53 001a FFF7FEFF 		bl	Timer_Counter_ClearInterrupt
  54              	.LVL0:
  38:main.c        **** }
  55              		.loc 1 38 0
  56              		@ sp needed
  57 001e 10BD     		pop	{r4, pc}
  58              	.L4:
  59              		.align	2
  60              	.L3:
  61 0020 00000000 		.word	.LANCHOR0
  62              		.cfi_endproc
  63              	.LFE34:
  64              		.size	timer_isr_interrupt, .-timer_isr_interrupt
  65              		.section	.text.button_isr_interrupt,"ax",%progbits
  66              		.align	2
  67              		.global	button_isr_interrupt
  68              		.code	16
  69              		.thumb_func
  70              		.type	button_isr_interrupt, %function
  71              	button_isr_interrupt:
  72              	.LFB35:
  39:main.c        **** 
  40:main.c        **** CY_ISR(button_isr_interrupt)
  41:main.c        **** {
  73              		.loc 1 41 0
ARM GAS  C:\Users\elizavet\AppData\Local\Temp\cclTciX7.s 			page 3


  74              		.cfi_startproc
  75              		@ args = 0, pretend = 0, frame = 0
  76              		@ frame_needed = 0, uses_anonymous_args = 0
  77 0000 10B5     		push	{r4, lr}
  78              		.cfi_def_cfa_offset 8
  79              		.cfi_offset 4, -8
  80              		.cfi_offset 14, -4
  42:main.c        ****     state += 1;
  81              		.loc 1 42 0
  82 0002 034A     		ldr	r2, .L6
  83 0004 5368     		ldr	r3, [r2, #4]
  84 0006 0133     		adds	r3, r3, #1
  85 0008 5360     		str	r3, [r2, #4]
  43:main.c        ****     Button_ClearInterrupt();
  86              		.loc 1 43 0
  87 000a FFF7FEFF 		bl	Button_ClearInterrupt
  88              	.LVL1:
  44:main.c        **** }
  89              		.loc 1 44 0
  90              		@ sp needed
  91 000e 10BD     		pop	{r4, pc}
  92              	.L7:
  93              		.align	2
  94              	.L6:
  95 0010 00000000 		.word	.LANCHOR0
  96              		.cfi_endproc
  97              	.LFE35:
  98              		.size	button_isr_interrupt, .-button_isr_interrupt
  99              		.section	.text.main,"ax",%progbits
 100              		.align	2
 101              		.global	main
 102              		.code	16
 103              		.thumb_func
 104              		.type	main, %function
 105              	main:
 106              	.LFB36:
  45:main.c        **** 
  46:main.c        **** int main(void)
  47:main.c        **** {
 107              		.loc 1 47 0
 108              		.cfi_startproc
 109              		@ Volatile: function does not return.
 110              		@ args = 0, pretend = 0, frame = 0
 111              		@ frame_needed = 0, uses_anonymous_args = 0
 112 0000 10B5     		push	{r4, lr}
 113              		.cfi_def_cfa_offset 8
 114              		.cfi_offset 4, -8
 115              		.cfi_offset 14, -4
  48:main.c        ****     CyGlobalIntEnable; /* Enable global interrupts. */
 116              		.loc 1 48 0
 117              		.syntax divided
 118              	@ 48 "main.c" 1
 119 0002 62B6     		CPSIE   i
 120              	@ 0 "" 2
  49:main.c        ****     
  50:main.c        ****     Timer_Counter_Start();
 121              		.loc 1 50 0
ARM GAS  C:\Users\elizavet\AppData\Local\Temp\cclTciX7.s 			page 4


 122              		.thumb
 123              		.syntax unified
 124 0004 FFF7FEFF 		bl	Timer_Counter_Start
 125              	.LVL2:
  51:main.c        ****     timer_isr_StartEx(timer_isr_interrupt);
 126              		.loc 1 51 0
 127 0008 3E48     		ldr	r0, .L28
 128 000a FFF7FEFF 		bl	timer_isr_StartEx
 129              	.LVL3:
  52:main.c        ****     button_isr_StartEx(button_isr_interrupt);
 130              		.loc 1 52 0
 131 000e 3E48     		ldr	r0, .L28+4
 132 0010 FFF7FEFF 		bl	button_isr_StartEx
 133              	.LVL4:
 134              	.L9:
  53:main.c        **** 
  54:main.c        ****     for(;;)
  55:main.c        ****     {            
  56:main.c        ****         if (state % 2 == 1)
 135              		.loc 1 56 0
 136 0014 3D4B     		ldr	r3, .L28+8
 137 0016 5968     		ldr	r1, [r3, #4]
 138 0018 C80F     		lsrs	r0, r1, #31
 139 001a 0A18     		adds	r2, r1, r0
 140 001c 0123     		movs	r3, #1
 141 001e 1340     		ands	r3, r2
 142 0020 1B1A     		subs	r3, r3, r0
 143 0022 012B     		cmp	r3, #1
 144 0024 35D1     		bne	.L10
 145              	.LBB6:
 146              	.LBB7:
  57:main.c        ****         {
  58:main.c        ****             runAlgorithm1();
  59:main.c        ****         }
  60:main.c        ****         else if (state % 2 == 0)
  61:main.c        ****         {
  62:main.c        ****             runAlgorithm2();
  63:main.c        ****         }
  64:main.c        ****     }
  65:main.c        **** }
  66:main.c        **** 
  67:main.c        **** inline void runAlgorithm1()
  68:main.c        **** {
  69:main.c        ****     if (counter < 8)
 147              		.loc 1 69 0
 148 0026 394B     		ldr	r3, .L28+8
 149 0028 1B78     		ldrb	r3, [r3]
 150 002a 072B     		cmp	r3, #7
 151 002c 03D8     		bhi	.L11
  70:main.c        ****     {
  71:main.c        ****         Control_Reg_Write(R);
 152              		.loc 1 71 0
 153 002e 0120     		movs	r0, #1
 154 0030 FFF7FEFF 		bl	Control_Reg_Write
 155              	.LVL5:
 156 0034 EEE7     		b	.L9
 157              	.L11:
ARM GAS  C:\Users\elizavet\AppData\Local\Temp\cclTciX7.s 			page 5


  72:main.c        ****     }
  73:main.c        ****     else if (counter < 10)
 158              		.loc 1 73 0
 159 0036 092B     		cmp	r3, #9
 160 0038 03D8     		bhi	.L13
  74:main.c        ****     {
  75:main.c        ****         Control_Reg_Write(Y);
 161              		.loc 1 75 0
 162 003a 0220     		movs	r0, #2
 163 003c FFF7FEFF 		bl	Control_Reg_Write
 164              	.LVL6:
 165 0040 E8E7     		b	.L9
 166              	.L13:
  76:main.c        ****     }
  77:main.c        ****     else if (counter < 14)
 167              		.loc 1 77 0
 168 0042 0D2B     		cmp	r3, #13
 169 0044 03D8     		bhi	.L14
  78:main.c        ****     {
  79:main.c        ****         Control_Reg_Write(G);
 170              		.loc 1 79 0
 171 0046 0420     		movs	r0, #4
 172 0048 FFF7FEFF 		bl	Control_Reg_Write
 173              	.LVL7:
 174 004c E2E7     		b	.L9
 175              	.L14:
  80:main.c        ****     }
  81:main.c        ****     else if (counter < 15)
 176              		.loc 1 81 0
 177 004e 0E2B     		cmp	r3, #14
 178 0050 03D8     		bhi	.L15
  82:main.c        ****     {
  83:main.c        ****         Control_Reg_Write(_);
 179              		.loc 1 83 0
 180 0052 0020     		movs	r0, #0
 181 0054 FFF7FEFF 		bl	Control_Reg_Write
 182              	.LVL8:
 183 0058 DCE7     		b	.L9
 184              	.L15:
  84:main.c        ****     }
  85:main.c        ****     else if (counter < 16)
 185              		.loc 1 85 0
 186 005a 0F2B     		cmp	r3, #15
 187 005c 03D8     		bhi	.L16
  86:main.c        ****     {
  87:main.c        ****         Control_Reg_Write(G);
 188              		.loc 1 87 0
 189 005e 0420     		movs	r0, #4
 190 0060 FFF7FEFF 		bl	Control_Reg_Write
 191              	.LVL9:
 192 0064 D6E7     		b	.L9
 193              	.L16:
  88:main.c        ****     }
  89:main.c        ****     else if (counter < 17)
 194              		.loc 1 89 0
 195 0066 102B     		cmp	r3, #16
 196 0068 03D8     		bhi	.L17
ARM GAS  C:\Users\elizavet\AppData\Local\Temp\cclTciX7.s 			page 6


  90:main.c        ****     {
  91:main.c        ****         Control_Reg_Write(_);
 197              		.loc 1 91 0
 198 006a 0020     		movs	r0, #0
 199 006c FFF7FEFF 		bl	Control_Reg_Write
 200              	.LVL10:
 201 0070 D0E7     		b	.L9
 202              	.L17:
  92:main.c        ****     }
  93:main.c        ****     else if (counter < 18)
 203              		.loc 1 93 0
 204 0072 112B     		cmp	r3, #17
 205 0074 03D8     		bhi	.L18
  94:main.c        ****     {
  95:main.c        ****         Control_Reg_Write(G);
 206              		.loc 1 95 0
 207 0076 0420     		movs	r0, #4
 208 0078 FFF7FEFF 		bl	Control_Reg_Write
 209              	.LVL11:
 210 007c CAE7     		b	.L9
 211              	.L18:
  96:main.c        ****     }
  97:main.c        ****     else if (counter < 20)
 212              		.loc 1 97 0
 213 007e 132B     		cmp	r3, #19
 214 0080 03D8     		bhi	.L19
  98:main.c        ****     {
  99:main.c        ****         Control_Reg_Write(Y);
 215              		.loc 1 99 0
 216 0082 0220     		movs	r0, #2
 217 0084 FFF7FEFF 		bl	Control_Reg_Write
 218              	.LVL12:
 219 0088 C4E7     		b	.L9
 220              	.L19:
 100:main.c        ****     }
 101:main.c        ****     else
 102:main.c        ****     {
 103:main.c        ****         Control_Reg_Write(_);
 221              		.loc 1 103 0
 222 008a 0020     		movs	r0, #0
 223 008c FFF7FEFF 		bl	Control_Reg_Write
 224              	.LVL13:
 225 0090 C0E7     		b	.L9
 226              	.L10:
 227              	.LBE7:
 228              	.LBE6:
  60:main.c        ****         {
 229              		.loc 1 60 0
 230 0092 CB07     		lsls	r3, r1, #31
 231 0094 BED4     		bmi	.L9
 232              	.LBB8:
 233              	.LBB9:
 104:main.c        ****     }
 105:main.c        **** }
 106:main.c        **** 
 107:main.c        **** inline void runAlgorithm2()
 108:main.c        **** {
ARM GAS  C:\Users\elizavet\AppData\Local\Temp\cclTciX7.s 			page 7


 109:main.c        ****     if (counter < 4)
 234              		.loc 1 109 0
 235 0096 1D4B     		ldr	r3, .L28+8
 236 0098 1B78     		ldrb	r3, [r3]
 237 009a 032B     		cmp	r3, #3
 238 009c 03D8     		bhi	.L20
 110:main.c        ****     {
 111:main.c        ****         Control_Reg_Write(G);
 239              		.loc 1 111 0
 240 009e 0420     		movs	r0, #4
 241 00a0 FFF7FEFF 		bl	Control_Reg_Write
 242              	.LVL14:
 243 00a4 B6E7     		b	.L9
 244              	.L20:
 112:main.c        ****     }
 113:main.c        ****     else if (counter < 5)
 245              		.loc 1 113 0
 246 00a6 042B     		cmp	r3, #4
 247 00a8 03D8     		bhi	.L21
 114:main.c        ****     {
 115:main.c        ****         Control_Reg_Write(_);
 248              		.loc 1 115 0
 249 00aa 0020     		movs	r0, #0
 250 00ac FFF7FEFF 		bl	Control_Reg_Write
 251              	.LVL15:
 252 00b0 B0E7     		b	.L9
 253              	.L21:
 116:main.c        ****     }
 117:main.c        ****     else if (counter < 6)
 254              		.loc 1 117 0
 255 00b2 052B     		cmp	r3, #5
 256 00b4 03D8     		bhi	.L22
 118:main.c        ****     {
 119:main.c        ****         Control_Reg_Write(G);
 257              		.loc 1 119 0
 258 00b6 0420     		movs	r0, #4
 259 00b8 FFF7FEFF 		bl	Control_Reg_Write
 260              	.LVL16:
 261 00bc AAE7     		b	.L9
 262              	.L22:
 120:main.c        ****     }
 121:main.c        ****     else if (counter < 7)
 263              		.loc 1 121 0
 264 00be 062B     		cmp	r3, #6
 265 00c0 03D8     		bhi	.L23
 122:main.c        ****     {
 123:main.c        ****         Control_Reg_Write(_);
 266              		.loc 1 123 0
 267 00c2 0020     		movs	r0, #0
 268 00c4 FFF7FEFF 		bl	Control_Reg_Write
 269              	.LVL17:
 270 00c8 A4E7     		b	.L9
 271              	.L23:
 124:main.c        ****     }
 125:main.c        ****     else if (counter < 8)
 272              		.loc 1 125 0
 273 00ca 072B     		cmp	r3, #7
ARM GAS  C:\Users\elizavet\AppData\Local\Temp\cclTciX7.s 			page 8


 274 00cc 03D8     		bhi	.L24
 126:main.c        ****     {
 127:main.c        ****         Control_Reg_Write(G);
 275              		.loc 1 127 0
 276 00ce 0420     		movs	r0, #4
 277 00d0 FFF7FEFF 		bl	Control_Reg_Write
 278              	.LVL18:
 279 00d4 9EE7     		b	.L9
 280              	.L24:
 128:main.c        ****     }
 129:main.c        ****     else if (counter < 10)
 281              		.loc 1 129 0
 282 00d6 092B     		cmp	r3, #9
 283 00d8 03D8     		bhi	.L25
 130:main.c        ****     {
 131:main.c        ****         Control_Reg_Write(Y);
 284              		.loc 1 131 0
 285 00da 0220     		movs	r0, #2
 286 00dc FFF7FEFF 		bl	Control_Reg_Write
 287              	.LVL19:
 288 00e0 98E7     		b	.L9
 289              	.L25:
 132:main.c        ****     }
 133:main.c        ****     else if (counter < 18)
 290              		.loc 1 133 0
 291 00e2 112B     		cmp	r3, #17
 292 00e4 03D8     		bhi	.L26
 134:main.c        ****     {
 135:main.c        ****         Control_Reg_Write(R);
 293              		.loc 1 135 0
 294 00e6 0120     		movs	r0, #1
 295 00e8 FFF7FEFF 		bl	Control_Reg_Write
 296              	.LVL20:
 297 00ec 92E7     		b	.L9
 298              	.L26:
 136:main.c        ****     }
 137:main.c        ****     else if (counter < 20)
 299              		.loc 1 137 0
 300 00ee 132B     		cmp	r3, #19
 301 00f0 03D8     		bhi	.L27
 138:main.c        ****     {
 139:main.c        ****         Control_Reg_Write(Y);
 302              		.loc 1 139 0
 303 00f2 0220     		movs	r0, #2
 304 00f4 FFF7FEFF 		bl	Control_Reg_Write
 305              	.LVL21:
 306 00f8 8CE7     		b	.L9
 307              	.L27:
 140:main.c        ****     }
 141:main.c        ****     else
 142:main.c        ****     {
 143:main.c        ****         Control_Reg_Write(_);
 308              		.loc 1 143 0
 309 00fa 0020     		movs	r0, #0
 310 00fc FFF7FEFF 		bl	Control_Reg_Write
 311              	.LVL22:
 312 0100 88E7     		b	.L9
ARM GAS  C:\Users\elizavet\AppData\Local\Temp\cclTciX7.s 			page 9


 313              	.L29:
 314 0102 C046     		.align	2
 315              	.L28:
 316 0104 00000000 		.word	timer_isr_interrupt
 317 0108 00000000 		.word	button_isr_interrupt
 318 010c 00000000 		.word	.LANCHOR0
 319              	.LBE9:
 320              	.LBE8:
 321              		.cfi_endproc
 322              	.LFE36:
 323              		.size	main, .-main
 324              		.global	algorithm
 325              		.global	state
 326              		.global	counter
 327              		.bss
 328              		.align	2
 329              		.set	.LANCHOR0,. + 0
 330              		.type	counter, %object
 331              		.size	counter, 1
 332              	counter:
 333 0000 00       		.space	1
 334 0001 000000   		.space	3
 335              		.type	state, %object
 336              		.size	state, 4
 337              	state:
 338 0004 00000000 		.space	4
 339              		.type	algorithm, %object
 340              		.size	algorithm, 1
 341              	algorithm:
 342 0008 00       		.space	1
 343              		.text
 344              	.Letext0:
 345              		.file 2 "Generated_Source\\PSoC4/cytypes.h"
 346              		.file 3 "Generated_Source\\PSoC4/Timer_Counter.h"
 347              		.file 4 "Generated_Source\\PSoC4/Button.h"
 348              		.file 5 "Generated_Source\\PSoC4/Control_Reg.h"
 349              		.file 6 "Generated_Source\\PSoC4/timer_isr.h"
 350              		.file 7 "Generated_Source\\PSoC4/button_isr.h"
 351              		.section	.debug_info,"",%progbits
 352              	.Ldebug_info0:
 353 0000 52030000 		.4byte	0x352
 354 0004 0400     		.2byte	0x4
 355 0006 00000000 		.4byte	.Ldebug_abbrev0
 356 000a 04       		.byte	0x4
 357 000b 01       		.uleb128 0x1
 358 000c 43010000 		.4byte	.LASF29
 359 0010 0C       		.byte	0xc
 360 0011 0E020000 		.4byte	.LASF30
 361 0015 C9000000 		.4byte	.LASF31
 362 0019 00000000 		.4byte	.Ldebug_ranges0+0
 363 001d 00000000 		.4byte	0
 364 0021 00000000 		.4byte	.Ldebug_line0
 365 0025 02       		.uleb128 0x2
 366 0026 01       		.byte	0x1
 367 0027 06       		.byte	0x6
 368 0028 62020000 		.4byte	.LASF0
 369 002c 02       		.uleb128 0x2
ARM GAS  C:\Users\elizavet\AppData\Local\Temp\cclTciX7.s 			page 10


 370 002d 01       		.byte	0x1
 371 002e 08       		.byte	0x8
 372 002f 60000000 		.4byte	.LASF1
 373 0033 02       		.uleb128 0x2
 374 0034 02       		.byte	0x2
 375 0035 05       		.byte	0x5
 376 0036 2F020000 		.4byte	.LASF2
 377 003a 02       		.uleb128 0x2
 378 003b 02       		.byte	0x2
 379 003c 07       		.byte	0x7
 380 003d 10000000 		.4byte	.LASF3
 381 0041 02       		.uleb128 0x2
 382 0042 04       		.byte	0x4
 383 0043 05       		.byte	0x5
 384 0044 39020000 		.4byte	.LASF4
 385 0048 02       		.uleb128 0x2
 386 0049 04       		.byte	0x4
 387 004a 07       		.byte	0x7
 388 004b 6E000000 		.4byte	.LASF5
 389 004f 02       		.uleb128 0x2
 390 0050 08       		.byte	0x8
 391 0051 05       		.byte	0x5
 392 0052 EC010000 		.4byte	.LASF6
 393 0056 02       		.uleb128 0x2
 394 0057 08       		.byte	0x8
 395 0058 07       		.byte	0x7
 396 0059 16010000 		.4byte	.LASF7
 397 005d 03       		.uleb128 0x3
 398 005e 04       		.byte	0x4
 399 005f 05       		.byte	0x5
 400 0060 696E7400 		.ascii	"int\000"
 401 0064 02       		.uleb128 0x2
 402 0065 04       		.byte	0x4
 403 0066 07       		.byte	0x7
 404 0067 23000000 		.4byte	.LASF8
 405 006b 04       		.uleb128 0x4
 406 006c 80000000 		.4byte	.LASF9
 407 0070 02       		.byte	0x2
 408 0071 F701     		.2byte	0x1f7
 409 0073 2C000000 		.4byte	0x2c
 410 0077 04       		.uleb128 0x4
 411 0078 A5000000 		.4byte	.LASF10
 412 007c 02       		.byte	0x2
 413 007d F901     		.2byte	0x1f9
 414 007f 48000000 		.4byte	0x48
 415 0083 02       		.uleb128 0x2
 416 0084 04       		.byte	0x4
 417 0085 04       		.byte	0x4
 418 0086 52000000 		.4byte	.LASF11
 419 008a 02       		.uleb128 0x2
 420 008b 08       		.byte	0x8
 421 008c 04       		.byte	0x4
 422 008d 99000000 		.4byte	.LASF12
 423 0091 02       		.uleb128 0x2
 424 0092 01       		.byte	0x1
 425 0093 08       		.byte	0x8
 426 0094 15020000 		.4byte	.LASF13
ARM GAS  C:\Users\elizavet\AppData\Local\Temp\cclTciX7.s 			page 11


 427 0098 02       		.uleb128 0x2
 428 0099 08       		.byte	0x8
 429 009a 04       		.byte	0x4
 430 009b D1010000 		.4byte	.LASF14
 431 009f 02       		.uleb128 0x2
 432 00a0 04       		.byte	0x4
 433 00a1 07       		.byte	0x7
 434 00a2 DD010000 		.4byte	.LASF15
 435 00a6 05       		.uleb128 0x5
 436 00a7 E6010000 		.4byte	.LASF32
 437 00ab 01       		.byte	0x1
 438 00ac 2C000000 		.4byte	0x2c
 439 00b0 01       		.byte	0x1
 440 00b1 0F       		.byte	0xf
 441 00b2 C7000000 		.4byte	0xc7
 442 00b6 06       		.uleb128 0x6
 443 00b7 5F00     		.ascii	"_\000"
 444 00b9 00       		.byte	0
 445 00ba 06       		.uleb128 0x6
 446 00bb 5200     		.ascii	"R\000"
 447 00bd 01       		.byte	0x1
 448 00be 06       		.uleb128 0x6
 449 00bf 5900     		.ascii	"Y\000"
 450 00c1 02       		.byte	0x2
 451 00c2 06       		.uleb128 0x6
 452 00c3 4700     		.ascii	"G\000"
 453 00c5 04       		.byte	0x4
 454 00c6 00       		.byte	0
 455 00c7 07       		.uleb128 0x7
 456 00c8 54020000 		.4byte	.LASF16
 457 00cc 01       		.byte	0x1
 458 00cd 43       		.byte	0x43
 459 00ce 03       		.byte	0x3
 460 00cf 07       		.uleb128 0x7
 461 00d0 30000000 		.4byte	.LASF17
 462 00d4 01       		.byte	0x1
 463 00d5 6B       		.byte	0x6b
 464 00d6 03       		.byte	0x3
 465 00d7 08       		.uleb128 0x8
 466 00d8 3E000000 		.4byte	.LASF18
 467 00dc 01       		.byte	0x1
 468 00dd 1E       		.byte	0x1e
 469 00de 00000000 		.4byte	.LFB34
 470 00e2 24000000 		.4byte	.LFE34-.LFB34
 471 00e6 01       		.uleb128 0x1
 472 00e7 9C       		.byte	0x9c
 473 00e8 FC000000 		.4byte	0xfc
 474 00ec 09       		.uleb128 0x9
 475 00ed 1E000000 		.4byte	.LVL0
 476 00f1 11030000 		.4byte	0x311
 477 00f5 0A       		.uleb128 0xa
 478 00f6 01       		.uleb128 0x1
 479 00f7 50       		.byte	0x50
 480 00f8 01       		.uleb128 0x1
 481 00f9 31       		.byte	0x31
 482 00fa 00       		.byte	0
 483 00fb 00       		.byte	0
ARM GAS  C:\Users\elizavet\AppData\Local\Temp\cclTciX7.s 			page 12


 484 00fc 08       		.uleb128 0x8
 485 00fd 1A020000 		.4byte	.LASF19
 486 0101 01       		.byte	0x1
 487 0102 28       		.byte	0x28
 488 0103 00000000 		.4byte	.LFB35
 489 0107 14000000 		.4byte	.LFE35-.LFB35
 490 010b 01       		.uleb128 0x1
 491 010c 9C       		.byte	0x9c
 492 010d 1B010000 		.4byte	0x11b
 493 0111 0B       		.uleb128 0xb
 494 0112 0E000000 		.4byte	.LVL1
 495 0116 1D030000 		.4byte	0x31d
 496 011a 00       		.byte	0
 497 011b 0C       		.uleb128 0xc
 498 011c A0000000 		.4byte	.LASF33
 499 0120 01       		.byte	0x1
 500 0121 2E       		.byte	0x2e
 501 0122 5D000000 		.4byte	0x5d
 502 0126 00000000 		.4byte	.LFB36
 503 012a 10010000 		.4byte	.LFE36-.LFB36
 504 012e 01       		.uleb128 0x1
 505 012f 9C       		.byte	0x9c
 506 0130 DE020000 		.4byte	0x2de
 507 0134 0D       		.uleb128 0xd
 508 0135 C7000000 		.4byte	0xc7
 509 0139 26000000 		.4byte	.LBB6
 510 013d 6C000000 		.4byte	.LBE6-.LBB6
 511 0141 01       		.byte	0x1
 512 0142 3A       		.byte	0x3a
 513 0143 EF010000 		.4byte	0x1ef
 514 0147 0E       		.uleb128 0xe
 515 0148 34000000 		.4byte	.LVL5
 516 014c 28030000 		.4byte	0x328
 517 0150 5A010000 		.4byte	0x15a
 518 0154 0A       		.uleb128 0xa
 519 0155 01       		.uleb128 0x1
 520 0156 50       		.byte	0x50
 521 0157 01       		.uleb128 0x1
 522 0158 31       		.byte	0x31
 523 0159 00       		.byte	0
 524 015a 0E       		.uleb128 0xe
 525 015b 40000000 		.4byte	.LVL6
 526 015f 28030000 		.4byte	0x328
 527 0163 6D010000 		.4byte	0x16d
 528 0167 0A       		.uleb128 0xa
 529 0168 01       		.uleb128 0x1
 530 0169 50       		.byte	0x50
 531 016a 01       		.uleb128 0x1
 532 016b 32       		.byte	0x32
 533 016c 00       		.byte	0
 534 016d 0E       		.uleb128 0xe
 535 016e 4C000000 		.4byte	.LVL7
 536 0172 28030000 		.4byte	0x328
 537 0176 80010000 		.4byte	0x180
 538 017a 0A       		.uleb128 0xa
 539 017b 01       		.uleb128 0x1
 540 017c 50       		.byte	0x50
ARM GAS  C:\Users\elizavet\AppData\Local\Temp\cclTciX7.s 			page 13


 541 017d 01       		.uleb128 0x1
 542 017e 34       		.byte	0x34
 543 017f 00       		.byte	0
 544 0180 0E       		.uleb128 0xe
 545 0181 58000000 		.4byte	.LVL8
 546 0185 28030000 		.4byte	0x328
 547 0189 93010000 		.4byte	0x193
 548 018d 0A       		.uleb128 0xa
 549 018e 01       		.uleb128 0x1
 550 018f 50       		.byte	0x50
 551 0190 01       		.uleb128 0x1
 552 0191 30       		.byte	0x30
 553 0192 00       		.byte	0
 554 0193 0E       		.uleb128 0xe
 555 0194 64000000 		.4byte	.LVL9
 556 0198 28030000 		.4byte	0x328
 557 019c A6010000 		.4byte	0x1a6
 558 01a0 0A       		.uleb128 0xa
 559 01a1 01       		.uleb128 0x1
 560 01a2 50       		.byte	0x50
 561 01a3 01       		.uleb128 0x1
 562 01a4 34       		.byte	0x34
 563 01a5 00       		.byte	0
 564 01a6 0E       		.uleb128 0xe
 565 01a7 70000000 		.4byte	.LVL10
 566 01ab 28030000 		.4byte	0x328
 567 01af B9010000 		.4byte	0x1b9
 568 01b3 0A       		.uleb128 0xa
 569 01b4 01       		.uleb128 0x1
 570 01b5 50       		.byte	0x50
 571 01b6 01       		.uleb128 0x1
 572 01b7 30       		.byte	0x30
 573 01b8 00       		.byte	0
 574 01b9 0E       		.uleb128 0xe
 575 01ba 7C000000 		.4byte	.LVL11
 576 01be 28030000 		.4byte	0x328
 577 01c2 CC010000 		.4byte	0x1cc
 578 01c6 0A       		.uleb128 0xa
 579 01c7 01       		.uleb128 0x1
 580 01c8 50       		.byte	0x50
 581 01c9 01       		.uleb128 0x1
 582 01ca 34       		.byte	0x34
 583 01cb 00       		.byte	0
 584 01cc 0E       		.uleb128 0xe
 585 01cd 88000000 		.4byte	.LVL12
 586 01d1 28030000 		.4byte	0x328
 587 01d5 DF010000 		.4byte	0x1df
 588 01d9 0A       		.uleb128 0xa
 589 01da 01       		.uleb128 0x1
 590 01db 50       		.byte	0x50
 591 01dc 01       		.uleb128 0x1
 592 01dd 32       		.byte	0x32
 593 01de 00       		.byte	0
 594 01df 09       		.uleb128 0x9
 595 01e0 90000000 		.4byte	.LVL13
 596 01e4 28030000 		.4byte	0x328
 597 01e8 0A       		.uleb128 0xa
ARM GAS  C:\Users\elizavet\AppData\Local\Temp\cclTciX7.s 			page 14


 598 01e9 01       		.uleb128 0x1
 599 01ea 50       		.byte	0x50
 600 01eb 01       		.uleb128 0x1
 601 01ec 30       		.byte	0x30
 602 01ed 00       		.byte	0
 603 01ee 00       		.byte	0
 604 01ef 0D       		.uleb128 0xd
 605 01f0 CF000000 		.4byte	0xcf
 606 01f4 96000000 		.4byte	.LBB8
 607 01f8 7A000000 		.4byte	.LBE8-.LBB8
 608 01fc 01       		.byte	0x1
 609 01fd 3E       		.byte	0x3e
 610 01fe AA020000 		.4byte	0x2aa
 611 0202 0E       		.uleb128 0xe
 612 0203 A4000000 		.4byte	.LVL14
 613 0207 28030000 		.4byte	0x328
 614 020b 15020000 		.4byte	0x215
 615 020f 0A       		.uleb128 0xa
 616 0210 01       		.uleb128 0x1
 617 0211 50       		.byte	0x50
 618 0212 01       		.uleb128 0x1
 619 0213 34       		.byte	0x34
 620 0214 00       		.byte	0
 621 0215 0E       		.uleb128 0xe
 622 0216 B0000000 		.4byte	.LVL15
 623 021a 28030000 		.4byte	0x328
 624 021e 28020000 		.4byte	0x228
 625 0222 0A       		.uleb128 0xa
 626 0223 01       		.uleb128 0x1
 627 0224 50       		.byte	0x50
 628 0225 01       		.uleb128 0x1
 629 0226 30       		.byte	0x30
 630 0227 00       		.byte	0
 631 0228 0E       		.uleb128 0xe
 632 0229 BC000000 		.4byte	.LVL16
 633 022d 28030000 		.4byte	0x328
 634 0231 3B020000 		.4byte	0x23b
 635 0235 0A       		.uleb128 0xa
 636 0236 01       		.uleb128 0x1
 637 0237 50       		.byte	0x50
 638 0238 01       		.uleb128 0x1
 639 0239 34       		.byte	0x34
 640 023a 00       		.byte	0
 641 023b 0E       		.uleb128 0xe
 642 023c C8000000 		.4byte	.LVL17
 643 0240 28030000 		.4byte	0x328
 644 0244 4E020000 		.4byte	0x24e
 645 0248 0A       		.uleb128 0xa
 646 0249 01       		.uleb128 0x1
 647 024a 50       		.byte	0x50
 648 024b 01       		.uleb128 0x1
 649 024c 30       		.byte	0x30
 650 024d 00       		.byte	0
 651 024e 0E       		.uleb128 0xe
 652 024f D4000000 		.4byte	.LVL18
 653 0253 28030000 		.4byte	0x328
 654 0257 61020000 		.4byte	0x261
ARM GAS  C:\Users\elizavet\AppData\Local\Temp\cclTciX7.s 			page 15


 655 025b 0A       		.uleb128 0xa
 656 025c 01       		.uleb128 0x1
 657 025d 50       		.byte	0x50
 658 025e 01       		.uleb128 0x1
 659 025f 34       		.byte	0x34
 660 0260 00       		.byte	0
 661 0261 0E       		.uleb128 0xe
 662 0262 E0000000 		.4byte	.LVL19
 663 0266 28030000 		.4byte	0x328
 664 026a 74020000 		.4byte	0x274
 665 026e 0A       		.uleb128 0xa
 666 026f 01       		.uleb128 0x1
 667 0270 50       		.byte	0x50
 668 0271 01       		.uleb128 0x1
 669 0272 32       		.byte	0x32
 670 0273 00       		.byte	0
 671 0274 0E       		.uleb128 0xe
 672 0275 EC000000 		.4byte	.LVL20
 673 0279 28030000 		.4byte	0x328
 674 027d 87020000 		.4byte	0x287
 675 0281 0A       		.uleb128 0xa
 676 0282 01       		.uleb128 0x1
 677 0283 50       		.byte	0x50
 678 0284 01       		.uleb128 0x1
 679 0285 31       		.byte	0x31
 680 0286 00       		.byte	0
 681 0287 0E       		.uleb128 0xe
 682 0288 F8000000 		.4byte	.LVL21
 683 028c 28030000 		.4byte	0x328
 684 0290 9A020000 		.4byte	0x29a
 685 0294 0A       		.uleb128 0xa
 686 0295 01       		.uleb128 0x1
 687 0296 50       		.byte	0x50
 688 0297 01       		.uleb128 0x1
 689 0298 32       		.byte	0x32
 690 0299 00       		.byte	0
 691 029a 09       		.uleb128 0x9
 692 029b 00010000 		.4byte	.LVL22
 693 029f 28030000 		.4byte	0x328
 694 02a3 0A       		.uleb128 0xa
 695 02a4 01       		.uleb128 0x1
 696 02a5 50       		.byte	0x50
 697 02a6 01       		.uleb128 0x1
 698 02a7 30       		.byte	0x30
 699 02a8 00       		.byte	0
 700 02a9 00       		.byte	0
 701 02aa 0B       		.uleb128 0xb
 702 02ab 08000000 		.4byte	.LVL2
 703 02af 33030000 		.4byte	0x333
 704 02b3 0E       		.uleb128 0xe
 705 02b4 0E000000 		.4byte	.LVL3
 706 02b8 3F030000 		.4byte	0x33f
 707 02bc CA020000 		.4byte	0x2ca
 708 02c0 0A       		.uleb128 0xa
 709 02c1 01       		.uleb128 0x1
 710 02c2 50       		.byte	0x50
 711 02c3 05       		.uleb128 0x5
ARM GAS  C:\Users\elizavet\AppData\Local\Temp\cclTciX7.s 			page 16


 712 02c4 03       		.byte	0x3
 713 02c5 00000000 		.4byte	timer_isr_interrupt
 714 02c9 00       		.byte	0
 715 02ca 09       		.uleb128 0x9
 716 02cb 14000000 		.4byte	.LVL4
 717 02cf 4A030000 		.4byte	0x34a
 718 02d3 0A       		.uleb128 0xa
 719 02d4 01       		.uleb128 0x1
 720 02d5 50       		.byte	0x50
 721 02d6 05       		.uleb128 0x5
 722 02d7 03       		.byte	0x3
 723 02d8 00000000 		.4byte	button_isr_interrupt
 724 02dc 00       		.byte	0
 725 02dd 00       		.byte	0
 726 02de 0F       		.uleb128 0xf
 727 02df 58000000 		.4byte	.LASF20
 728 02e3 01       		.byte	0x1
 729 02e4 16       		.byte	0x16
 730 02e5 6B000000 		.4byte	0x6b
 731 02e9 05       		.uleb128 0x5
 732 02ea 03       		.byte	0x3
 733 02eb 00000000 		.4byte	counter
 734 02ef 0F       		.uleb128 0xf
 735 02f0 00000000 		.4byte	.LASF21
 736 02f4 01       		.byte	0x1
 737 02f5 17       		.byte	0x17
 738 02f6 5D000000 		.4byte	0x5d
 739 02fa 05       		.uleb128 0x5
 740 02fb 03       		.byte	0x3
 741 02fc 00000000 		.4byte	state
 742 0300 0F       		.uleb128 0xf
 743 0301 06000000 		.4byte	.LASF22
 744 0305 01       		.byte	0x1
 745 0306 18       		.byte	0x18
 746 0307 6B000000 		.4byte	0x6b
 747 030b 05       		.uleb128 0x5
 748 030c 03       		.byte	0x3
 749 030d 00000000 		.4byte	algorithm
 750 0311 10       		.uleb128 0x10
 751 0312 AC000000 		.4byte	.LASF23
 752 0316 AC000000 		.4byte	.LASF23
 753 031a 03       		.byte	0x3
 754 031b 4701     		.2byte	0x147
 755 031d 11       		.uleb128 0x11
 756 031e 2D010000 		.4byte	.LASF24
 757 0322 2D010000 		.4byte	.LASF24
 758 0326 04       		.byte	0x4
 759 0327 39       		.byte	0x39
 760 0328 11       		.uleb128 0x11
 761 0329 6E020000 		.4byte	.LASF25
 762 032d 6E020000 		.4byte	.LASF25
 763 0331 05       		.byte	0x5
 764 0332 2F       		.byte	0x2f
 765 0333 10       		.uleb128 0x10
 766 0334 FA010000 		.4byte	.LASF26
 767 0338 FA010000 		.4byte	.LASF26
 768 033c 03       		.byte	0x3
ARM GAS  C:\Users\elizavet\AppData\Local\Temp\cclTciX7.s 			page 17


 769 033d 3201     		.2byte	0x132
 770 033f 11       		.uleb128 0x11
 771 0340 42020000 		.4byte	.LASF27
 772 0344 42020000 		.4byte	.LASF27
 773 0348 06       		.byte	0x6
 774 0349 18       		.byte	0x18
 775 034a 11       		.uleb128 0x11
 776 034b 86000000 		.4byte	.LASF28
 777 034f 86000000 		.4byte	.LASF28
 778 0353 07       		.byte	0x7
 779 0354 18       		.byte	0x18
 780 0355 00       		.byte	0
 781              		.section	.debug_abbrev,"",%progbits
 782              	.Ldebug_abbrev0:
 783 0000 01       		.uleb128 0x1
 784 0001 11       		.uleb128 0x11
 785 0002 01       		.byte	0x1
 786 0003 25       		.uleb128 0x25
 787 0004 0E       		.uleb128 0xe
 788 0005 13       		.uleb128 0x13
 789 0006 0B       		.uleb128 0xb
 790 0007 03       		.uleb128 0x3
 791 0008 0E       		.uleb128 0xe
 792 0009 1B       		.uleb128 0x1b
 793 000a 0E       		.uleb128 0xe
 794 000b 55       		.uleb128 0x55
 795 000c 17       		.uleb128 0x17
 796 000d 11       		.uleb128 0x11
 797 000e 01       		.uleb128 0x1
 798 000f 10       		.uleb128 0x10
 799 0010 17       		.uleb128 0x17
 800 0011 00       		.byte	0
 801 0012 00       		.byte	0
 802 0013 02       		.uleb128 0x2
 803 0014 24       		.uleb128 0x24
 804 0015 00       		.byte	0
 805 0016 0B       		.uleb128 0xb
 806 0017 0B       		.uleb128 0xb
 807 0018 3E       		.uleb128 0x3e
 808 0019 0B       		.uleb128 0xb
 809 001a 03       		.uleb128 0x3
 810 001b 0E       		.uleb128 0xe
 811 001c 00       		.byte	0
 812 001d 00       		.byte	0
 813 001e 03       		.uleb128 0x3
 814 001f 24       		.uleb128 0x24
 815 0020 00       		.byte	0
 816 0021 0B       		.uleb128 0xb
 817 0022 0B       		.uleb128 0xb
 818 0023 3E       		.uleb128 0x3e
 819 0024 0B       		.uleb128 0xb
 820 0025 03       		.uleb128 0x3
 821 0026 08       		.uleb128 0x8
 822 0027 00       		.byte	0
 823 0028 00       		.byte	0
 824 0029 04       		.uleb128 0x4
 825 002a 16       		.uleb128 0x16
ARM GAS  C:\Users\elizavet\AppData\Local\Temp\cclTciX7.s 			page 18


 826 002b 00       		.byte	0
 827 002c 03       		.uleb128 0x3
 828 002d 0E       		.uleb128 0xe
 829 002e 3A       		.uleb128 0x3a
 830 002f 0B       		.uleb128 0xb
 831 0030 3B       		.uleb128 0x3b
 832 0031 05       		.uleb128 0x5
 833 0032 49       		.uleb128 0x49
 834 0033 13       		.uleb128 0x13
 835 0034 00       		.byte	0
 836 0035 00       		.byte	0
 837 0036 05       		.uleb128 0x5
 838 0037 04       		.uleb128 0x4
 839 0038 01       		.byte	0x1
 840 0039 03       		.uleb128 0x3
 841 003a 0E       		.uleb128 0xe
 842 003b 0B       		.uleb128 0xb
 843 003c 0B       		.uleb128 0xb
 844 003d 49       		.uleb128 0x49
 845 003e 13       		.uleb128 0x13
 846 003f 3A       		.uleb128 0x3a
 847 0040 0B       		.uleb128 0xb
 848 0041 3B       		.uleb128 0x3b
 849 0042 0B       		.uleb128 0xb
 850 0043 01       		.uleb128 0x1
 851 0044 13       		.uleb128 0x13
 852 0045 00       		.byte	0
 853 0046 00       		.byte	0
 854 0047 06       		.uleb128 0x6
 855 0048 28       		.uleb128 0x28
 856 0049 00       		.byte	0
 857 004a 03       		.uleb128 0x3
 858 004b 08       		.uleb128 0x8
 859 004c 1C       		.uleb128 0x1c
 860 004d 0B       		.uleb128 0xb
 861 004e 00       		.byte	0
 862 004f 00       		.byte	0
 863 0050 07       		.uleb128 0x7
 864 0051 2E       		.uleb128 0x2e
 865 0052 00       		.byte	0
 866 0053 3F       		.uleb128 0x3f
 867 0054 19       		.uleb128 0x19
 868 0055 03       		.uleb128 0x3
 869 0056 0E       		.uleb128 0xe
 870 0057 3A       		.uleb128 0x3a
 871 0058 0B       		.uleb128 0xb
 872 0059 3B       		.uleb128 0x3b
 873 005a 0B       		.uleb128 0xb
 874 005b 20       		.uleb128 0x20
 875 005c 0B       		.uleb128 0xb
 876 005d 00       		.byte	0
 877 005e 00       		.byte	0
 878 005f 08       		.uleb128 0x8
 879 0060 2E       		.uleb128 0x2e
 880 0061 01       		.byte	0x1
 881 0062 3F       		.uleb128 0x3f
 882 0063 19       		.uleb128 0x19
ARM GAS  C:\Users\elizavet\AppData\Local\Temp\cclTciX7.s 			page 19


 883 0064 03       		.uleb128 0x3
 884 0065 0E       		.uleb128 0xe
 885 0066 3A       		.uleb128 0x3a
 886 0067 0B       		.uleb128 0xb
 887 0068 3B       		.uleb128 0x3b
 888 0069 0B       		.uleb128 0xb
 889 006a 27       		.uleb128 0x27
 890 006b 19       		.uleb128 0x19
 891 006c 11       		.uleb128 0x11
 892 006d 01       		.uleb128 0x1
 893 006e 12       		.uleb128 0x12
 894 006f 06       		.uleb128 0x6
 895 0070 40       		.uleb128 0x40
 896 0071 18       		.uleb128 0x18
 897 0072 9742     		.uleb128 0x2117
 898 0074 19       		.uleb128 0x19
 899 0075 01       		.uleb128 0x1
 900 0076 13       		.uleb128 0x13
 901 0077 00       		.byte	0
 902 0078 00       		.byte	0
 903 0079 09       		.uleb128 0x9
 904 007a 898201   		.uleb128 0x4109
 905 007d 01       		.byte	0x1
 906 007e 11       		.uleb128 0x11
 907 007f 01       		.uleb128 0x1
 908 0080 31       		.uleb128 0x31
 909 0081 13       		.uleb128 0x13
 910 0082 00       		.byte	0
 911 0083 00       		.byte	0
 912 0084 0A       		.uleb128 0xa
 913 0085 8A8201   		.uleb128 0x410a
 914 0088 00       		.byte	0
 915 0089 02       		.uleb128 0x2
 916 008a 18       		.uleb128 0x18
 917 008b 9142     		.uleb128 0x2111
 918 008d 18       		.uleb128 0x18
 919 008e 00       		.byte	0
 920 008f 00       		.byte	0
 921 0090 0B       		.uleb128 0xb
 922 0091 898201   		.uleb128 0x4109
 923 0094 00       		.byte	0
 924 0095 11       		.uleb128 0x11
 925 0096 01       		.uleb128 0x1
 926 0097 31       		.uleb128 0x31
 927 0098 13       		.uleb128 0x13
 928 0099 00       		.byte	0
 929 009a 00       		.byte	0
 930 009b 0C       		.uleb128 0xc
 931 009c 2E       		.uleb128 0x2e
 932 009d 01       		.byte	0x1
 933 009e 3F       		.uleb128 0x3f
 934 009f 19       		.uleb128 0x19
 935 00a0 03       		.uleb128 0x3
 936 00a1 0E       		.uleb128 0xe
 937 00a2 3A       		.uleb128 0x3a
 938 00a3 0B       		.uleb128 0xb
 939 00a4 3B       		.uleb128 0x3b
ARM GAS  C:\Users\elizavet\AppData\Local\Temp\cclTciX7.s 			page 20


 940 00a5 0B       		.uleb128 0xb
 941 00a6 27       		.uleb128 0x27
 942 00a7 19       		.uleb128 0x19
 943 00a8 49       		.uleb128 0x49
 944 00a9 13       		.uleb128 0x13
 945 00aa 8701     		.uleb128 0x87
 946 00ac 19       		.uleb128 0x19
 947 00ad 11       		.uleb128 0x11
 948 00ae 01       		.uleb128 0x1
 949 00af 12       		.uleb128 0x12
 950 00b0 06       		.uleb128 0x6
 951 00b1 40       		.uleb128 0x40
 952 00b2 18       		.uleb128 0x18
 953 00b3 9742     		.uleb128 0x2117
 954 00b5 19       		.uleb128 0x19
 955 00b6 01       		.uleb128 0x1
 956 00b7 13       		.uleb128 0x13
 957 00b8 00       		.byte	0
 958 00b9 00       		.byte	0
 959 00ba 0D       		.uleb128 0xd
 960 00bb 1D       		.uleb128 0x1d
 961 00bc 01       		.byte	0x1
 962 00bd 31       		.uleb128 0x31
 963 00be 13       		.uleb128 0x13
 964 00bf 11       		.uleb128 0x11
 965 00c0 01       		.uleb128 0x1
 966 00c1 12       		.uleb128 0x12
 967 00c2 06       		.uleb128 0x6
 968 00c3 58       		.uleb128 0x58
 969 00c4 0B       		.uleb128 0xb
 970 00c5 59       		.uleb128 0x59
 971 00c6 0B       		.uleb128 0xb
 972 00c7 01       		.uleb128 0x1
 973 00c8 13       		.uleb128 0x13
 974 00c9 00       		.byte	0
 975 00ca 00       		.byte	0
 976 00cb 0E       		.uleb128 0xe
 977 00cc 898201   		.uleb128 0x4109
 978 00cf 01       		.byte	0x1
 979 00d0 11       		.uleb128 0x11
 980 00d1 01       		.uleb128 0x1
 981 00d2 31       		.uleb128 0x31
 982 00d3 13       		.uleb128 0x13
 983 00d4 01       		.uleb128 0x1
 984 00d5 13       		.uleb128 0x13
 985 00d6 00       		.byte	0
 986 00d7 00       		.byte	0
 987 00d8 0F       		.uleb128 0xf
 988 00d9 34       		.uleb128 0x34
 989 00da 00       		.byte	0
 990 00db 03       		.uleb128 0x3
 991 00dc 0E       		.uleb128 0xe
 992 00dd 3A       		.uleb128 0x3a
 993 00de 0B       		.uleb128 0xb
 994 00df 3B       		.uleb128 0x3b
 995 00e0 0B       		.uleb128 0xb
 996 00e1 49       		.uleb128 0x49
ARM GAS  C:\Users\elizavet\AppData\Local\Temp\cclTciX7.s 			page 21


 997 00e2 13       		.uleb128 0x13
 998 00e3 3F       		.uleb128 0x3f
 999 00e4 19       		.uleb128 0x19
 1000 00e5 02       		.uleb128 0x2
 1001 00e6 18       		.uleb128 0x18
 1002 00e7 00       		.byte	0
 1003 00e8 00       		.byte	0
 1004 00e9 10       		.uleb128 0x10
 1005 00ea 2E       		.uleb128 0x2e
 1006 00eb 00       		.byte	0
 1007 00ec 3F       		.uleb128 0x3f
 1008 00ed 19       		.uleb128 0x19
 1009 00ee 3C       		.uleb128 0x3c
 1010 00ef 19       		.uleb128 0x19
 1011 00f0 6E       		.uleb128 0x6e
 1012 00f1 0E       		.uleb128 0xe
 1013 00f2 03       		.uleb128 0x3
 1014 00f3 0E       		.uleb128 0xe
 1015 00f4 3A       		.uleb128 0x3a
 1016 00f5 0B       		.uleb128 0xb
 1017 00f6 3B       		.uleb128 0x3b
 1018 00f7 05       		.uleb128 0x5
 1019 00f8 00       		.byte	0
 1020 00f9 00       		.byte	0
 1021 00fa 11       		.uleb128 0x11
 1022 00fb 2E       		.uleb128 0x2e
 1023 00fc 00       		.byte	0
 1024 00fd 3F       		.uleb128 0x3f
 1025 00fe 19       		.uleb128 0x19
 1026 00ff 3C       		.uleb128 0x3c
 1027 0100 19       		.uleb128 0x19
 1028 0101 6E       		.uleb128 0x6e
 1029 0102 0E       		.uleb128 0xe
 1030 0103 03       		.uleb128 0x3
 1031 0104 0E       		.uleb128 0xe
 1032 0105 3A       		.uleb128 0x3a
 1033 0106 0B       		.uleb128 0xb
 1034 0107 3B       		.uleb128 0x3b
 1035 0108 0B       		.uleb128 0xb
 1036 0109 00       		.byte	0
 1037 010a 00       		.byte	0
 1038 010b 00       		.byte	0
 1039              		.section	.debug_aranges,"",%progbits
 1040 0000 2C000000 		.4byte	0x2c
 1041 0004 0200     		.2byte	0x2
 1042 0006 00000000 		.4byte	.Ldebug_info0
 1043 000a 04       		.byte	0x4
 1044 000b 00       		.byte	0
 1045 000c 0000     		.2byte	0
 1046 000e 0000     		.2byte	0
 1047 0010 00000000 		.4byte	.LFB34
 1048 0014 24000000 		.4byte	.LFE34-.LFB34
 1049 0018 00000000 		.4byte	.LFB35
 1050 001c 14000000 		.4byte	.LFE35-.LFB35
 1051 0020 00000000 		.4byte	.LFB36
 1052 0024 10010000 		.4byte	.LFE36-.LFB36
 1053 0028 00000000 		.4byte	0
ARM GAS  C:\Users\elizavet\AppData\Local\Temp\cclTciX7.s 			page 22


 1054 002c 00000000 		.4byte	0
 1055              		.section	.debug_ranges,"",%progbits
 1056              	.Ldebug_ranges0:
 1057 0000 00000000 		.4byte	.LFB34
 1058 0004 24000000 		.4byte	.LFE34
 1059 0008 00000000 		.4byte	.LFB35
 1060 000c 14000000 		.4byte	.LFE35
 1061 0010 00000000 		.4byte	.LFB36
 1062 0014 10010000 		.4byte	.LFE36
 1063 0018 00000000 		.4byte	0
 1064 001c 00000000 		.4byte	0
 1065              		.section	.debug_line,"",%progbits
 1066              	.Ldebug_line0:
 1067 0000 F9000000 		.section	.debug_str,"MS",%progbits,1
 1067      02009000 
 1067      00000201 
 1067      FB0E0D00 
 1067      01010101 
 1068              	.LASF21:
 1069 0000 73746174 		.ascii	"state\000"
 1069      6500
 1070              	.LASF22:
 1071 0006 616C676F 		.ascii	"algorithm\000"
 1071      72697468 
 1071      6D00
 1072              	.LASF3:
 1073 0010 73686F72 		.ascii	"short unsigned int\000"
 1073      7420756E 
 1073      7369676E 
 1073      65642069 
 1073      6E7400
 1074              	.LASF8:
 1075 0023 756E7369 		.ascii	"unsigned int\000"
 1075      676E6564 
 1075      20696E74 
 1075      00
 1076              	.LASF17:
 1077 0030 72756E41 		.ascii	"runAlgorithm2\000"
 1077      6C676F72 
 1077      6974686D 
 1077      3200
 1078              	.LASF18:
 1079 003e 74696D65 		.ascii	"timer_isr_interrupt\000"
 1079      725F6973 
 1079      725F696E 
 1079      74657272 
 1079      75707400 
 1080              	.LASF11:
 1081 0052 666C6F61 		.ascii	"float\000"
 1081      7400
 1082              	.LASF20:
 1083 0058 636F756E 		.ascii	"counter\000"
 1083      74657200 
 1084              	.LASF1:
 1085 0060 756E7369 		.ascii	"unsigned char\000"
 1085      676E6564 
 1085      20636861 
ARM GAS  C:\Users\elizavet\AppData\Local\Temp\cclTciX7.s 			page 23


 1085      7200
 1086              	.LASF5:
 1087 006e 6C6F6E67 		.ascii	"long unsigned int\000"
 1087      20756E73 
 1087      69676E65 
 1087      6420696E 
 1087      7400
 1088              	.LASF9:
 1089 0080 75696E74 		.ascii	"uint8\000"
 1089      3800
 1090              	.LASF28:
 1091 0086 62757474 		.ascii	"button_isr_StartEx\000"
 1091      6F6E5F69 
 1091      73725F53 
 1091      74617274 
 1091      457800
 1092              	.LASF12:
 1093 0099 646F7562 		.ascii	"double\000"
 1093      6C6500
 1094              	.LASF33:
 1095 00a0 6D61696E 		.ascii	"main\000"
 1095      00
 1096              	.LASF10:
 1097 00a5 75696E74 		.ascii	"uint32\000"
 1097      333200
 1098              	.LASF23:
 1099 00ac 54696D65 		.ascii	"Timer_Counter_ClearInterrupt\000"
 1099      725F436F 
 1099      756E7465 
 1099      725F436C 
 1099      65617249 
 1100              	.LASF31:
 1101 00c9 433A5C55 		.ascii	"C:\\Users\\elizavet\\Documents\\PSoC Creator\\Micro"
 1101      73657273 
 1101      5C656C69 
 1101      7A617665 
 1101      745C446F 
 1102 00f7 636F6E74 		.ascii	"controllers_part_2\\lab-2.cydsn\000"
 1102      726F6C6C 
 1102      6572735F 
 1102      70617274 
 1102      5F325C6C 
 1103              	.LASF7:
 1104 0116 6C6F6E67 		.ascii	"long long unsigned int\000"
 1104      206C6F6E 
 1104      6720756E 
 1104      7369676E 
 1104      65642069 
 1105              	.LASF24:
 1106 012d 42757474 		.ascii	"Button_ClearInterrupt\000"
 1106      6F6E5F43 
 1106      6C656172 
 1106      496E7465 
 1106      72727570 
 1107              	.LASF29:
 1108 0143 474E5520 		.ascii	"GNU C11 5.4.1 20160609 (release) [ARM/embedded-5-br"
 1108      43313120 
ARM GAS  C:\Users\elizavet\AppData\Local\Temp\cclTciX7.s 			page 24


 1108      352E342E 
 1108      31203230 
 1108      31363036 
 1109 0176 616E6368 		.ascii	"anch revision 237715] -mcpu=cortex-m0 -mthumb -g -O"
 1109      20726576 
 1109      6973696F 
 1109      6E203233 
 1109      37373135 
 1110 01a9 67202D66 		.ascii	"g -ffunction-sections -ffat-lto-objects\000"
 1110      66756E63 
 1110      74696F6E 
 1110      2D736563 
 1110      74696F6E 
 1111              	.LASF14:
 1112 01d1 6C6F6E67 		.ascii	"long double\000"
 1112      20646F75 
 1112      626C6500 
 1113              	.LASF15:
 1114 01dd 73697A65 		.ascii	"sizetype\000"
 1114      74797065 
 1114      00
 1115              	.LASF32:
 1116 01e6 436F6C6F 		.ascii	"Color\000"
 1116      7200
 1117              	.LASF6:
 1118 01ec 6C6F6E67 		.ascii	"long long int\000"
 1118      206C6F6E 
 1118      6720696E 
 1118      7400
 1119              	.LASF26:
 1120 01fa 54696D65 		.ascii	"Timer_Counter_Start\000"
 1120      725F436F 
 1120      756E7465 
 1120      725F5374 
 1120      61727400 
 1121              	.LASF30:
 1122 020e 6D61696E 		.ascii	"main.c\000"
 1122      2E6300
 1123              	.LASF13:
 1124 0215 63686172 		.ascii	"char\000"
 1124      00
 1125              	.LASF19:
 1126 021a 62757474 		.ascii	"button_isr_interrupt\000"
 1126      6F6E5F69 
 1126      73725F69 
 1126      6E746572 
 1126      72757074 
 1127              	.LASF2:
 1128 022f 73686F72 		.ascii	"short int\000"
 1128      7420696E 
 1128      7400
 1129              	.LASF4:
 1130 0239 6C6F6E67 		.ascii	"long int\000"
 1130      20696E74 
 1130      00
 1131              	.LASF27:
 1132 0242 74696D65 		.ascii	"timer_isr_StartEx\000"
ARM GAS  C:\Users\elizavet\AppData\Local\Temp\cclTciX7.s 			page 25


 1132      725F6973 
 1132      725F5374 
 1132      61727445 
 1132      7800
 1133              	.LASF16:
 1134 0254 72756E41 		.ascii	"runAlgorithm1\000"
 1134      6C676F72 
 1134      6974686D 
 1134      3100
 1135              	.LASF0:
 1136 0262 7369676E 		.ascii	"signed char\000"
 1136      65642063 
 1136      68617200 
 1137              	.LASF25:
 1138 026e 436F6E74 		.ascii	"Control_Reg_Write\000"
 1138      726F6C5F 
 1138      5265675F 
 1138      57726974 
 1138      6500
 1139              		.ident	"GCC: (GNU Tools for ARM Embedded Processors) 5.4.1 20160609 (release) [ARM/embedded-5-bran
